<?xml version="1.0" encoding="UTF-8"?>
<!-- Generated by org.testng.reporters.JUnitReportReporter -->
<testsuite hostname="DESKTOP-83KI589" failures="0" tests="1" name="com.pack.testCases.TC_TestCase_01" time="23.018" errors="0" timestamp="2021-07-15T15:45:44 IST" skipped="0">
  <testcase classname="com.pack.testCases.TC_TestCase_01" name="loginTest" time="23.018"/>
  <system-out/>
</testsuite> <!-- com.pack.testCases.TC_TestCase_01 -->
