<?xml version="1.0" encoding="UTF-8"?>
<!-- Generated by org.testng.reporters.JUnitReportReporter -->
<testsuite hostname="DESKTOP-K93H14H" failures="0" tests="1" name="com.pack.testCases.TC_TestCase_02" time="55.511" errors="0" timestamp="2021-08-05T14:25:13 IST" skipped="0">
  <testcase classname="com.pack.testCases.TC_TestCase_02" name="mainTest" time="55.511"/>
  <system-out/>
</testsuite> <!-- com.pack.testCases.TC_TestCase_02 -->
